This file contains any messages produced by compilers while
running configure, to aid debugging if configure makes a mistake.

It was created by xpa configure 2.1.18, which was
generated by GNU Autoconf 2.59.  Invocation command line was

  $ ./configure --prefix=/miniconda3/envs/testimexam

## --------- ##
## Platform. ##
## --------- ##

hostname = chirakan.local
uname -m = x86_64
uname -r = 17.7.0
uname -s = Darwin
uname -v = Darwin Kernel Version 17.7.0: Thu Jan 23 07:05:23 PST 2020; root:xnu-4570.71.69~1/RELEASE_X86_64

/usr/bin/uname -p = i386
/bin/uname -X     = unknown

/bin/arch              = unknown
/usr/bin/arch -k       = unknown
/usr/convex/getsysinfo = unknown
hostinfo               = Mach kernel version:
	 Darwin Kernel Version 17.7.0: Thu Jan 23 07:05:23 PST 2020; root:xnu-4570.71.69~1/RELEASE_X86_64
Kernel configured for up to 8 processors.
4 processors are physically available.
8 processors are logically available.
Processor type: x86_64h (Intel x86-64h Haswell)
Processors active: 0 1 2 3 4 5 6 7
Primary memory available: 16.00 gigabytes
Default processor set: 493 tasks, 2339 threads, 8 processors
Load average: 3.19, Mach factor: 4.80
/bin/machine           = unknown
/usr/bin/oslevel       = unknown
/bin/universe          = unknown

PATH: /miniconda3/envs/testimexam/bin
PATH: /miniconda3/condabin
PATH: /Applications/SAOImageDS9.app/Contents/MacOS
PATH: /sw/bin
PATH: /sw/sbin
PATH: /usr/local/bin
PATH: /usr/bin
PATH: /bin
PATH: /usr/sbin
PATH: /sbin
PATH: /usr/texbin
PATH: ~/bin
PATH: /sw/lib/perl5/ExtUtils
PATH: /sw/bin
PATH: /sw/sbin
PATH: /usr/local/bin
PATH: /usr/bin
PATH: /bin
PATH: /usr/sbin
PATH: /sbin
PATH: /Library/TeX/texbin
PATH: /opt/X11/bin


## ----------- ##
## Core tests. ##
## ----------- ##

configure:1360: checking build system type
configure:1378: result: x86_64-apple-darwin17.7.0
configure:1386: checking host system type
configure:1400: result: x86_64-apple-darwin17.7.0
configure:1461: checking for gcc
configure:1477: found /usr/bin/gcc
configure:1487: result: gcc
configure:1731: checking for C compiler version
configure:1734: gcc --version </dev/null >&5
Configured with: --prefix=/Applications/Xcode.app/Contents/Developer/usr --with-gxx-include-dir=/usr/include/c++/4.2.1
Apple LLVM version 10.0.0 (clang-1000.11.45.2)
Target: x86_64-apple-darwin17.7.0
Thread model: posix
InstalledDir: /Applications/Xcode.app/Contents/Developer/Toolchains/XcodeDefault.xctoolchain/usr/bin
configure:1737: $? = 0
configure:1739: gcc -v </dev/null >&5
Configured with: --prefix=/Applications/Xcode.app/Contents/Developer/usr --with-gxx-include-dir=/usr/include/c++/4.2.1
Apple LLVM version 10.0.0 (clang-1000.11.45.2)
Target: x86_64-apple-darwin17.7.0
Thread model: posix
InstalledDir: /Applications/Xcode.app/Contents/Developer/Toolchains/XcodeDefault.xctoolchain/usr/bin
configure:1742: $? = 0
configure:1744: gcc -V </dev/null >&5
clang: error: argument to '-V' is missing (expected 1 value)
clang: error: no input files
configure:1747: $? = 1
configure:1770: checking for C compiler default output file name
configure:1773: gcc    conftest.c  >&5
configure:1776: $? = 0
configure:1822: result: a.out
configure:1827: checking whether the C compiler works
configure:1833: ./a.out
configure:1836: $? = 0
configure:1853: result: yes
configure:1860: checking whether we are cross compiling
configure:1862: result: no
configure:1865: checking for suffix of executables
configure:1867: gcc -o conftest    conftest.c  >&5
configure:1870: $? = 0
configure:1895: result: 
configure:1901: checking for suffix of object files
configure:1922: gcc -c   conftest.c >&5
configure:1925: $? = 0
configure:1947: result: o
configure:1951: checking whether we are using the GNU C compiler
configure:1975: gcc -c   conftest.c >&5
configure:1981: $? = 0
configure:1985: test -z 
			 || test ! -s conftest.err
configure:1988: $? = 0
configure:1991: test -s conftest.o
configure:1994: $? = 0
configure:2007: result: yes
configure:2013: checking whether gcc accepts -g
configure:2034: gcc -c -g  conftest.c >&5
configure:2040: $? = 0
configure:2044: test -z 
			 || test ! -s conftest.err
configure:2047: $? = 0
configure:2050: test -s conftest.o
configure:2053: $? = 0
configure:2064: result: yes
configure:2081: checking for gcc option to accept ANSI C
configure:2151: gcc  -c -g -O2  conftest.c >&5
configure:2157: $? = 0
configure:2161: test -z 
			 || test ! -s conftest.err
configure:2164: $? = 0
configure:2167: test -s conftest.o
configure:2170: $? = 0
configure:2188: result: none needed
configure:2206: gcc -c -g -O2  conftest.c >&5
conftest.c:2:3: error: unknown type name 'choke'
  choke me
  ^
conftest.c:2:11: error: expected ';' after top level declarator
  choke me
          ^
          ;
2 errors generated.
configure:2212: $? = 1
configure: failed program was:
| #ifndef __cplusplus
|   choke me
| #endif
configure:2357: checking how to run the C preprocessor
configure:2392: gcc -E  conftest.c
configure:2398: $? = 0
configure:2430: gcc -E  conftest.c
conftest.c:9:10: fatal error: 'ac_nonexistent.h' file not found
#include <ac_nonexistent.h>
         ^~~~~~~~~~~~~~~~~~
1 error generated.
configure:2436: $? = 1
configure: failed program was:
| /* confdefs.h.  */
| 
| #define PACKAGE_NAME "xpa"
| #define PACKAGE_TARNAME "xpa"
| #define PACKAGE_VERSION "2.1.18"
| #define PACKAGE_STRING "xpa 2.1.18"
| #define PACKAGE_BUGREPORT "eric@cfa.harvard.edu"
| /* end confdefs.h.  */
| #include <ac_nonexistent.h>
configure:2475: result: gcc -E
configure:2499: gcc -E  conftest.c
configure:2505: $? = 0
configure:2537: gcc -E  conftest.c
conftest.c:9:10: fatal error: 'ac_nonexistent.h' file not found
#include <ac_nonexistent.h>
         ^~~~~~~~~~~~~~~~~~
1 error generated.
configure:2543: $? = 1
configure: failed program was:
| /* confdefs.h.  */
| 
| #define PACKAGE_NAME "xpa"
| #define PACKAGE_TARNAME "xpa"
| #define PACKAGE_VERSION "2.1.18"
| #define PACKAGE_STRING "xpa 2.1.18"
| #define PACKAGE_BUGREPORT "eric@cfa.harvard.edu"
| /* end confdefs.h.  */
| #include <ac_nonexistent.h>
configure:2587: checking for egrep
configure:2597: result: grep -E
configure:2602: checking for ANSI C header files
configure:2627: gcc -c -g -O2  conftest.c >&5
configure:2633: $? = 0
configure:2637: test -z 
			 || test ! -s conftest.err
configure:2640: $? = 0
configure:2643: test -s conftest.o
configure:2646: $? = 0
configure:2735: gcc -o conftest -g -O2   conftest.c  >&5
conftest.c:26:7: warning: implicitly declaring library function 'exit' with type 'void (int) __attribute__((noreturn))' [-Wimplicit-function-declaration]
      exit(2);
      ^
conftest.c:26:7: note: include the header <stdlib.h> or explicitly provide a declaration for 'exit'
1 warning generated.
configure:2738: $? = 0
configure:2740: ./conftest
configure:2743: $? = 0
configure:2758: result: yes
configure:2782: checking for sys/types.h
configure:2798: gcc -c -g -O2  conftest.c >&5
configure:2804: $? = 0
configure:2808: test -z 
			 || test ! -s conftest.err
configure:2811: $? = 0
configure:2814: test -s conftest.o
configure:2817: $? = 0
configure:2828: result: yes
configure:2782: checking for sys/stat.h
configure:2798: gcc -c -g -O2  conftest.c >&5
configure:2804: $? = 0
configure:2808: test -z 
			 || test ! -s conftest.err
configure:2811: $? = 0
configure:2814: test -s conftest.o
configure:2817: $? = 0
configure:2828: result: yes
configure:2782: checking for stdlib.h
configure:2798: gcc -c -g -O2  conftest.c >&5
configure:2804: $? = 0
configure:2808: test -z 
			 || test ! -s conftest.err
configure:2811: $? = 0
configure:2814: test -s conftest.o
configure:2817: $? = 0
configure:2828: result: yes
configure:2782: checking for string.h
configure:2798: gcc -c -g -O2  conftest.c >&5
configure:2804: $? = 0
configure:2808: test -z 
			 || test ! -s conftest.err
configure:2811: $? = 0
configure:2814: test -s conftest.o
configure:2817: $? = 0
configure:2828: result: yes
configure:2782: checking for memory.h
configure:2798: gcc -c -g -O2  conftest.c >&5
configure:2804: $? = 0
configure:2808: test -z 
			 || test ! -s conftest.err
configure:2811: $? = 0
configure:2814: test -s conftest.o
configure:2817: $? = 0
configure:2828: result: yes
configure:2782: checking for strings.h
configure:2798: gcc -c -g -O2  conftest.c >&5
configure:2804: $? = 0
configure:2808: test -z 
			 || test ! -s conftest.err
configure:2811: $? = 0
configure:2814: test -s conftest.o
configure:2817: $? = 0
configure:2828: result: yes
configure:2782: checking for inttypes.h
configure:2798: gcc -c -g -O2  conftest.c >&5
configure:2804: $? = 0
configure:2808: test -z 
			 || test ! -s conftest.err
configure:2811: $? = 0
configure:2814: test -s conftest.o
configure:2817: $? = 0
configure:2828: result: yes
configure:2782: checking for stdint.h
configure:2798: gcc -c -g -O2  conftest.c >&5
configure:2804: $? = 0
configure:2808: test -z 
			 || test ! -s conftest.err
configure:2811: $? = 0
configure:2814: test -s conftest.o
configure:2817: $? = 0
configure:2828: result: yes
configure:2782: checking for unistd.h
configure:2798: gcc -c -g -O2  conftest.c >&5
configure:2804: $? = 0
configure:2808: test -z 
			 || test ! -s conftest.err
configure:2811: $? = 0
configure:2814: test -s conftest.o
configure:2817: $? = 0
configure:2828: result: yes
configure:2840: checking for long
configure:2864: gcc -c -g -O2  conftest.c >&5
configure:2870: $? = 0
configure:2874: test -z 
			 || test ! -s conftest.err
configure:2877: $? = 0
configure:2880: test -s conftest.o
configure:2883: $? = 0
configure:2894: result: yes
configure:2897: checking size of long
configure:3216: gcc -o conftest -g -O2   conftest.c  >&5
configure:3219: $? = 0
configure:3221: ./conftest
configure:3224: $? = 0
configure:3247: result: 8
configure:3298: checking for ranlib
configure:3314: found /usr/bin/ranlib
configure:3325: result: ranlib
configure:3338: checking for ANSI C header files
configure:3494: result: yes
configure:3518: checking malloc.h usability
configure:3530: gcc -c -g -O2  conftest.c >&5
conftest.c:55:10: fatal error: 'malloc.h' file not found
#include <malloc.h>
         ^~~~~~~~~~
1 error generated.
configure:3536: $? = 1
configure: failed program was:
| /* confdefs.h.  */
| 
| #define PACKAGE_NAME "xpa"
| #define PACKAGE_TARNAME "xpa"
| #define PACKAGE_VERSION "2.1.18"
| #define PACKAGE_STRING "xpa 2.1.18"
| #define PACKAGE_BUGREPORT "eric@cfa.harvard.edu"
| #define STDC_HEADERS 1
| #define HAVE_SYS_TYPES_H 1
| #define HAVE_SYS_STAT_H 1
| #define HAVE_STDLIB_H 1
| #define HAVE_STRING_H 1
| #define HAVE_MEMORY_H 1
| #define HAVE_STRINGS_H 1
| #define HAVE_INTTYPES_H 1
| #define HAVE_STDINT_H 1
| #define HAVE_UNISTD_H 1
| #define SIZEOF_LONG 8
| #define STDC_HEADERS 1
| /* end confdefs.h.  */
| #include <stdio.h>
| #if HAVE_SYS_TYPES_H
| # include <sys/types.h>
| #endif
| #if HAVE_SYS_STAT_H
| # include <sys/stat.h>
| #endif
| #if STDC_HEADERS
| # include <stdlib.h>
| # include <stddef.h>
| #else
| # if HAVE_STDLIB_H
| #  include <stdlib.h>
| # endif
| #endif
| #if HAVE_STRING_H
| # if !STDC_HEADERS && HAVE_MEMORY_H
| #  include <memory.h>
| # endif
| # include <string.h>
| #endif
| #if HAVE_STRINGS_H
| # include <strings.h>
| #endif
| #if HAVE_INTTYPES_H
| # include <inttypes.h>
| #else
| # if HAVE_STDINT_H
| #  include <stdint.h>
| # endif
| #endif
| #if HAVE_UNISTD_H
| # include <unistd.h>
| #endif
| #include <malloc.h>
configure:3559: result: no
configure:3563: checking malloc.h presence
configure:3573: gcc -E  conftest.c
conftest.c:21:10: fatal error: 'malloc.h' file not found
#include <malloc.h>
         ^~~~~~~~~~
1 error generated.
configure:3579: $? = 1
configure: failed program was:
| /* confdefs.h.  */
| 
| #define PACKAGE_NAME "xpa"
| #define PACKAGE_TARNAME "xpa"
| #define PACKAGE_VERSION "2.1.18"
| #define PACKAGE_STRING "xpa 2.1.18"
| #define PACKAGE_BUGREPORT "eric@cfa.harvard.edu"
| #define STDC_HEADERS 1
| #define HAVE_SYS_TYPES_H 1
| #define HAVE_SYS_STAT_H 1
| #define HAVE_STDLIB_H 1
| #define HAVE_STRING_H 1
| #define HAVE_MEMORY_H 1
| #define HAVE_STRINGS_H 1
| #define HAVE_INTTYPES_H 1
| #define HAVE_STDINT_H 1
| #define HAVE_UNISTD_H 1
| #define SIZEOF_LONG 8
| #define STDC_HEADERS 1
| /* end confdefs.h.  */
| #include <malloc.h>
configure:3599: result: no
configure:3634: checking for malloc.h
configure:3641: result: no
configure:3668: checking getopt.h usability
configure:3680: gcc -c -g -O2  conftest.c >&5
configure:3686: $? = 0
configure:3690: test -z 
			 || test ! -s conftest.err
configure:3693: $? = 0
configure:3696: test -s conftest.o
configure:3699: $? = 0
configure:3709: result: yes
configure:3713: checking getopt.h presence
configure:3723: gcc -E  conftest.c
configure:3729: $? = 0
configure:3749: result: yes
configure:3784: checking for getopt.h
configure:3791: result: yes
configure:3818: checking pwd.h usability
configure:3830: gcc -c -g -O2  conftest.c >&5
configure:3836: $? = 0
configure:3840: test -z 
			 || test ! -s conftest.err
configure:3843: $? = 0
configure:3846: test -s conftest.o
configure:3849: $? = 0
configure:3859: result: yes
configure:3863: checking pwd.h presence
configure:3873: gcc -E  conftest.c
configure:3879: $? = 0
configure:3899: result: yes
configure:3934: checking for pwd.h
configure:3941: result: yes
configure:3968: checking values.h usability
configure:3980: gcc -c -g -O2  conftest.c >&5
conftest.c:57:10: fatal error: 'values.h' file not found
#include <values.h>
         ^~~~~~~~~~
1 error generated.
configure:3986: $? = 1
configure: failed program was:
| /* confdefs.h.  */
| 
| #define PACKAGE_NAME "xpa"
| #define PACKAGE_TARNAME "xpa"
| #define PACKAGE_VERSION "2.1.18"
| #define PACKAGE_STRING "xpa 2.1.18"
| #define PACKAGE_BUGREPORT "eric@cfa.harvard.edu"
| #define STDC_HEADERS 1
| #define HAVE_SYS_TYPES_H 1
| #define HAVE_SYS_STAT_H 1
| #define HAVE_STDLIB_H 1
| #define HAVE_STRING_H 1
| #define HAVE_MEMORY_H 1
| #define HAVE_STRINGS_H 1
| #define HAVE_INTTYPES_H 1
| #define HAVE_STDINT_H 1
| #define HAVE_UNISTD_H 1
| #define SIZEOF_LONG 8
| #define STDC_HEADERS 1
| #define HAVE_GETOPT_H 1
| #define HAVE_PWD_H 1
| /* end confdefs.h.  */
| #include <stdio.h>
| #if HAVE_SYS_TYPES_H
| # include <sys/types.h>
| #endif
| #if HAVE_SYS_STAT_H
| # include <sys/stat.h>
| #endif
| #if STDC_HEADERS
| # include <stdlib.h>
| # include <stddef.h>
| #else
| # if HAVE_STDLIB_H
| #  include <stdlib.h>
| # endif
| #endif
| #if HAVE_STRING_H
| # if !STDC_HEADERS && HAVE_MEMORY_H
| #  include <memory.h>
| # endif
| # include <string.h>
| #endif
| #if HAVE_STRINGS_H
| # include <strings.h>
| #endif
| #if HAVE_INTTYPES_H
| # include <inttypes.h>
| #else
| # if HAVE_STDINT_H
| #  include <stdint.h>
| # endif
| #endif
| #if HAVE_UNISTD_H
| # include <unistd.h>
| #endif
| #include <values.h>
configure:4009: result: no
configure:4013: checking values.h presence
configure:4023: gcc -E  conftest.c
conftest.c:23:10: fatal error: 'values.h' file not found
#include <values.h>
         ^~~~~~~~~~
1 error generated.
configure:4029: $? = 1
configure: failed program was:
| /* confdefs.h.  */
| 
| #define PACKAGE_NAME "xpa"
| #define PACKAGE_TARNAME "xpa"
| #define PACKAGE_VERSION "2.1.18"
| #define PACKAGE_STRING "xpa 2.1.18"
| #define PACKAGE_BUGREPORT "eric@cfa.harvard.edu"
| #define STDC_HEADERS 1
| #define HAVE_SYS_TYPES_H 1
| #define HAVE_SYS_STAT_H 1
| #define HAVE_STDLIB_H 1
| #define HAVE_STRING_H 1
| #define HAVE_MEMORY_H 1
| #define HAVE_STRINGS_H 1
| #define HAVE_INTTYPES_H 1
| #define HAVE_STDINT_H 1
| #define HAVE_UNISTD_H 1
| #define SIZEOF_LONG 8
| #define STDC_HEADERS 1
| #define HAVE_GETOPT_H 1
| #define HAVE_PWD_H 1
| /* end confdefs.h.  */
| #include <values.h>
configure:4049: result: no
configure:4084: checking for values.h
configure:4091: result: no
configure:4118: checking dlfcn.h usability
configure:4130: gcc -c -g -O2  conftest.c >&5
configure:4136: $? = 0
configure:4140: test -z 
			 || test ! -s conftest.err
configure:4143: $? = 0
configure:4146: test -s conftest.o
configure:4149: $? = 0
configure:4159: result: yes
configure:4163: checking dlfcn.h presence
configure:4173: gcc -E  conftest.c
configure:4179: $? = 0
configure:4199: result: yes
configure:4234: checking for dlfcn.h
configure:4241: result: yes
configure:4268: checking setjmp.h usability
configure:4280: gcc -c -g -O2  conftest.c >&5
configure:4286: $? = 0
configure:4290: test -z 
			 || test ! -s conftest.err
configure:4293: $? = 0
configure:4296: test -s conftest.o
configure:4299: $? = 0
configure:4309: result: yes
configure:4313: checking setjmp.h presence
configure:4323: gcc -E  conftest.c
configure:4329: $? = 0
configure:4349: result: yes
configure:4384: checking for setjmp.h
configure:4391: result: yes
configure:4418: checking sys/un.h usability
configure:4430: gcc -c -g -O2  conftest.c >&5
configure:4436: $? = 0
configure:4440: test -z 
			 || test ! -s conftest.err
configure:4443: $? = 0
configure:4446: test -s conftest.o
configure:4449: $? = 0
configure:4459: result: yes
configure:4463: checking sys/un.h presence
configure:4473: gcc -E  conftest.c
configure:4479: $? = 0
configure:4499: result: yes
configure:4534: checking for sys/un.h
configure:4541: result: yes
configure:4568: checking sys/shm.h usability
configure:4580: gcc -c -g -O2  conftest.c >&5
configure:4586: $? = 0
configure:4590: test -z 
			 || test ! -s conftest.err
configure:4593: $? = 0
configure:4596: test -s conftest.o
configure:4599: $? = 0
configure:4609: result: yes
configure:4613: checking sys/shm.h presence
configure:4623: gcc -E  conftest.c
configure:4629: $? = 0
configure:4649: result: yes
configure:4684: checking for sys/shm.h
configure:4691: result: yes
configure:4718: checking sys/mman.h usability
configure:4730: gcc -c -g -O2  conftest.c >&5
configure:4736: $? = 0
configure:4740: test -z 
			 || test ! -s conftest.err
configure:4743: $? = 0
configure:4746: test -s conftest.o
configure:4749: $? = 0
configure:4759: result: yes
configure:4763: checking sys/mman.h presence
configure:4773: gcc -E  conftest.c
configure:4779: $? = 0
configure:4799: result: yes
configure:4834: checking for sys/mman.h
configure:4841: result: yes
configure:4868: checking sys/ipc.h usability
configure:4880: gcc -c -g -O2  conftest.c >&5
configure:4886: $? = 0
configure:4890: test -z 
			 || test ! -s conftest.err
configure:4893: $? = 0
configure:4896: test -s conftest.o
configure:4899: $? = 0
configure:4909: result: yes
configure:4913: checking sys/ipc.h presence
configure:4923: gcc -E  conftest.c
configure:4929: $? = 0
configure:4949: result: yes
configure:4984: checking for sys/ipc.h
configure:4991: result: yes
configure:5018: checking sys/select.h usability
configure:5030: gcc -c -g -O2  conftest.c >&5
configure:5036: $? = 0
configure:5040: test -z 
			 || test ! -s conftest.err
configure:5043: $? = 0
configure:5046: test -s conftest.o
configure:5049: $? = 0
configure:5059: result: yes
configure:5063: checking sys/select.h presence
configure:5073: gcc -E  conftest.c
configure:5079: $? = 0
configure:5099: result: yes
configure:5134: checking for sys/select.h
configure:5141: result: yes
configure:5155: checking for socklen_t
configure:5180: gcc -c -g -O2  conftest.c >&5
configure:5186: $? = 0
configure:5190: test -z 
			 || test ! -s conftest.err
configure:5193: $? = 0
configure:5196: test -s conftest.o
configure:5199: $? = 0
configure:5210: result: yes
configure:5222: checking for an ANSI C-conforming const
configure:5289: gcc -c -g -O2  conftest.c >&5
configure:5295: $? = 0
configure:5299: test -z 
			 || test ! -s conftest.err
configure:5302: $? = 0
configure:5305: test -s conftest.o
configure:5308: $? = 0
configure:5319: result: yes
configure:5339: checking for strchr
configure:5396: gcc -o conftest -g -O2   conftest.c  >&5
conftest.c:55:6: warning: incompatible redeclaration of library function 'strchr' [-Wincompatible-library-redeclaration]
char strchr ();
     ^
conftest.c:55:6: note: 'strchr' is a builtin with type 'char *(const char *, int)'
1 warning generated.
configure:5402: $? = 0
configure:5406: test -z 
			 || test ! -s conftest.err
configure:5409: $? = 0
configure:5412: test -s conftest
configure:5415: $? = 0
configure:5427: result: yes
configure:5339: checking for memcpy
configure:5396: gcc -o conftest -g -O2   conftest.c  >&5
conftest.c:56:6: warning: incompatible redeclaration of library function 'memcpy' [-Wincompatible-library-redeclaration]
char memcpy ();
     ^
conftest.c:56:6: note: 'memcpy' is a builtin with type 'void *(void *, const void *, unsigned long)'
1 warning generated.
configure:5402: $? = 0
configure:5406: test -z 
			 || test ! -s conftest.err
configure:5409: $? = 0
configure:5412: test -s conftest
configure:5415: $? = 0
configure:5427: result: yes
configure:5339: checking for snprintf
configure:5396: gcc -o conftest -g -O2   conftest.c  >&5
conftest.c:57:6: warning: incompatible redeclaration of library function 'snprintf' [-Wincompatible-library-redeclaration]
char snprintf ();
     ^
conftest.c:57:6: note: 'snprintf' is a builtin with type 'int (char *, unsigned long, const char *, ...)'
1 warning generated.
configure:5402: $? = 0
configure:5406: test -z 
			 || test ! -s conftest.err
configure:5409: $? = 0
configure:5412: test -s conftest
configure:5415: $? = 0
configure:5427: result: yes
configure:5339: checking for atexit
configure:5396: gcc -o conftest -g -O2   conftest.c  >&5
configure:5402: $? = 0
configure:5406: test -z 
			 || test ! -s conftest.err
configure:5409: $? = 0
configure:5412: test -s conftest
configure:5415: $? = 0
configure:5427: result: yes
configure:5339: checking for setenv
configure:5396: gcc -o conftest -g -O2   conftest.c  >&5
configure:5402: $? = 0
configure:5406: test -z 
			 || test ! -s conftest.err
configure:5409: $? = 0
configure:5412: test -s conftest
configure:5415: $? = 0
configure:5427: result: yes
configure:5339: checking for getaddrinfo
configure:5396: gcc -o conftest -g -O2   conftest.c  >&5
configure:5402: $? = 0
configure:5406: test -z 
			 || test ! -s conftest.err
configure:5409: $? = 0
configure:5412: test -s conftest
configure:5415: $? = 0
configure:5427: result: yes
configure:5438: checking for connect
configure:5495: gcc -o conftest -g -O2   conftest.c  >&5
configure:5501: $? = 0
configure:5505: test -z 
			 || test ! -s conftest.err
configure:5508: $? = 0
configure:5511: test -s conftest
configure:5514: $? = 0
configure:5526: result: yes
configure:5599: checking for gethostbyname
configure:5656: gcc -o conftest -g -O2   conftest.c  >&5
configure:5662: $? = 0
configure:5666: test -z 
			 || test ! -s conftest.err
configure:5669: $? = 0
configure:5672: test -s conftest
configure:5675: $? = 0
configure:5687: result: yes
configure:5766: checking for threaded xpans
configure:5862: result: no
configure:5867: checking for shared library build
configure:5890: result: no
configure:5893: checking for request to use posix_spawn
configure:5902: result: no
configure:6160: checking for X
configure:6265: gcc -E  conftest.c
conftest.c:37:10: fatal error: 'X11/Intrinsic.h' file not found
#include <X11/Intrinsic.h>
         ^~~~~~~~~~~~~~~~~
1 error generated.
configure:6271: $? = 1
configure: failed program was:
| /* confdefs.h.  */
| 
| #define PACKAGE_NAME "xpa"
| #define PACKAGE_TARNAME "xpa"
| #define PACKAGE_VERSION "2.1.18"
| #define PACKAGE_STRING "xpa 2.1.18"
| #define PACKAGE_BUGREPORT "eric@cfa.harvard.edu"
| #define STDC_HEADERS 1
| #define HAVE_SYS_TYPES_H 1
| #define HAVE_SYS_STAT_H 1
| #define HAVE_STDLIB_H 1
| #define HAVE_STRING_H 1
| #define HAVE_MEMORY_H 1
| #define HAVE_STRINGS_H 1
| #define HAVE_INTTYPES_H 1
| #define HAVE_STDINT_H 1
| #define HAVE_UNISTD_H 1
| #define SIZEOF_LONG 8
| #define STDC_HEADERS 1
| #define HAVE_GETOPT_H 1
| #define HAVE_PWD_H 1
| #define HAVE_DLFCN_H 1
| #define HAVE_SETJMP_H 1
| #define HAVE_SYS_UN_H 1
| #define HAVE_SYS_SHM_H 1
| #define HAVE_SYS_MMAN_H 1
| #define HAVE_SYS_IPC_H 1
| #define HAVE_SYS_SELECT_H 1
| #define HAVE_SOCKLEN_T 1
| #define HAVE_STRCHR 1
| #define HAVE_MEMCPY 1
| #define HAVE_SNPRINTF 1
| #define HAVE_ATEXIT 1
| #define HAVE_SETENV 1
| #define HAVE_GETADDRINFO 1
| /* end confdefs.h.  */
| #include <X11/Intrinsic.h>
configure:6321: gcc -o conftest -g -O2   conftest.c -lXt  >&5
conftest.c:37:10: fatal error: 'X11/Intrinsic.h' file not found
#include <X11/Intrinsic.h>
         ^~~~~~~~~~~~~~~~~
1 error generated.
configure:6327: $? = 1
configure: failed program was:
| /* confdefs.h.  */
| 
| #define PACKAGE_NAME "xpa"
| #define PACKAGE_TARNAME "xpa"
| #define PACKAGE_VERSION "2.1.18"
| #define PACKAGE_STRING "xpa 2.1.18"
| #define PACKAGE_BUGREPORT "eric@cfa.harvard.edu"
| #define STDC_HEADERS 1
| #define HAVE_SYS_TYPES_H 1
| #define HAVE_SYS_STAT_H 1
| #define HAVE_STDLIB_H 1
| #define HAVE_STRING_H 1
| #define HAVE_MEMORY_H 1
| #define HAVE_STRINGS_H 1
| #define HAVE_INTTYPES_H 1
| #define HAVE_STDINT_H 1
| #define HAVE_UNISTD_H 1
| #define SIZEOF_LONG 8
| #define STDC_HEADERS 1
| #define HAVE_GETOPT_H 1
| #define HAVE_PWD_H 1
| #define HAVE_DLFCN_H 1
| #define HAVE_SETJMP_H 1
| #define HAVE_SYS_UN_H 1
| #define HAVE_SYS_SHM_H 1
| #define HAVE_SYS_MMAN_H 1
| #define HAVE_SYS_IPC_H 1
| #define HAVE_SYS_SELECT_H 1
| #define HAVE_SOCKLEN_T 1
| #define HAVE_STRCHR 1
| #define HAVE_MEMCPY 1
| #define HAVE_SNPRINTF 1
| #define HAVE_ATEXIT 1
| #define HAVE_SETENV 1
| #define HAVE_GETADDRINFO 1
| /* end confdefs.h.  */
| #include <X11/Intrinsic.h>
| int
| main ()
| {
| XtMalloc (0)
|   ;
|   return 0;
| }
configure:6380: result: no
configure:7571: checking for Tcl configuration
configure:7641: result: can't find Tcl configuration definitions
configure:7744: checking for incorporation of thread support
configure:7759: result: no
configure:7763: checking for gtk
configure:7785: result: no
configure:7794: checking darwin17.7.0 configuration
configure:8014: creating ./config.status

## ---------------------- ##
## Running config.status. ##
## ---------------------- ##

This file was extended by xpa config.status 2.1.18, which was
generated by GNU Autoconf 2.59.  Invocation command line was

  CONFIG_FILES    = 
  CONFIG_HEADERS  = 
  CONFIG_LINKS    = 
  CONFIG_COMMANDS = 
  $ ./config.status 

on chirakan.local

config.status:674: creating Makefile
config.status:674: creating xpa.pc
config.status:777: creating conf.h
config.status:917: conf.h is unchanged

## ---------------- ##
## Cache variables. ##
## ---------------- ##

ac_cv_build=x86_64-apple-darwin17.7.0
ac_cv_build_alias=x86_64-apple-darwin17.7.0
ac_cv_c_compiler_gnu=yes
ac_cv_c_const=yes
ac_cv_env_CC_set=
ac_cv_env_CC_value=
ac_cv_env_CFLAGS_set=
ac_cv_env_CFLAGS_value=
ac_cv_env_CPPFLAGS_set=
ac_cv_env_CPPFLAGS_value=
ac_cv_env_CPP_set=
ac_cv_env_CPP_value=
ac_cv_env_LDFLAGS_set=
ac_cv_env_LDFLAGS_value=
ac_cv_env_build_alias_set=
ac_cv_env_build_alias_value=
ac_cv_env_host_alias_set=
ac_cv_env_host_alias_value=
ac_cv_env_target_alias_set=
ac_cv_env_target_alias_value=
ac_cv_exeext=
ac_cv_func_atexit=yes
ac_cv_func_connect=yes
ac_cv_func_getaddrinfo=yes
ac_cv_func_gethostbyname=yes
ac_cv_func_memcpy=yes
ac_cv_func_setenv=yes
ac_cv_func_snprintf=yes
ac_cv_func_strchr=yes
ac_cv_have_x=have_x=no
ac_cv_header_dlfcn_h=yes
ac_cv_header_getopt_h=yes
ac_cv_header_inttypes_h=yes
ac_cv_header_malloc_h=no
ac_cv_header_memory_h=yes
ac_cv_header_pwd_h=yes
ac_cv_header_setjmp_h=yes
ac_cv_header_stdc=yes
ac_cv_header_stdint_h=yes
ac_cv_header_stdlib_h=yes
ac_cv_header_string_h=yes
ac_cv_header_strings_h=yes
ac_cv_header_sys_ipc_h=yes
ac_cv_header_sys_mman_h=yes
ac_cv_header_sys_select_h=yes
ac_cv_header_sys_shm_h=yes
ac_cv_header_sys_stat_h=yes
ac_cv_header_sys_types_h=yes
ac_cv_header_sys_un_h=yes
ac_cv_header_unistd_h=yes
ac_cv_header_values_h=no
ac_cv_host=x86_64-apple-darwin17.7.0
ac_cv_host_alias=x86_64-apple-darwin17.7.0
ac_cv_objext=o
ac_cv_path_INTLTOOL_PERL=/usr/bin/perl
ac_cv_prog_CPP='gcc -E'
ac_cv_prog_ac_ct_CC=gcc
ac_cv_prog_ac_ct_RANLIB=ranlib
ac_cv_prog_cc_g=yes
ac_cv_prog_cc_stdc=
ac_cv_prog_egrep='grep -E'
ac_cv_sizeof_long=8
ac_cv_type_long=yes
ac_cv_type_socklen_t=yes

## ----------------- ##
## Output variables. ##
## ----------------- ##

CC='gcc'
CFLAGS='-g -O2'
CPP='gcc -E'
CPPFLAGS=''
DEFS='-DHAVE_CONFIG_H'
DOSHARED=''
ECHO_C='ECHO_N=''
ECHO_T=''
EGREP='grep -E'
EXEEXT=''
EXTRA_LIBS=''
GTK_CFLAGS=''
GTK_LIBS=''
LDFLAGS='  -g -O2'
LIBOBJS=''
LIBS=''
LLIB='$(LIB)'
LTLIBOBJS=''
OBJEXT='o'
PACKAGE_BUGREPORT='eric@cfa.harvard.edu'
PACKAGE_NAME='xpa'
PACKAGE_STRING='xpa 2.1.18'
PACKAGE_TARNAME='xpa'
PACKAGE_VERSION='2.1.18'
PATH_SEPARATOR=':'
RANLIB='ranlib'
SHELL='/bin/sh'
SZ_LONG='8'
TCL_BIN_DIR='# no Tcl configs found'
TCL_CFLAGS=''
TCL_LIBS=''
TCL_LIB_FILE=''
TCL_LIB_FLAG=''
TCL_LIB_SPEC=''
TCL_SRC_DIR=''
TCL_STUB_LIB_FILE=''
TCL_STUB_LIB_FLAG=''
TCL_STUB_LIB_SPEC=''
TCL_VERSION=''
TLIB=''
X_CFLAGS=''
X_EXTRA_LIBS=''
X_LIBS=''
X_PRE_LIBS=''
ac_ct_CC='gcc'
ac_ct_RANLIB='ranlib'
bindir='${exec_prefix}/bin'
build='x86_64-apple-darwin17.7.0'
build_alias=''
build_cpu='x86_64'
build_os='darwin17.7.0'
build_vendor='apple'
datadir='${prefix}/share'
exec_prefix='${prefix}'
host='x86_64-apple-darwin17.7.0'
host_alias=''
host_cpu='x86_64'
host_os='darwin17.7.0'
host_vendor='apple'
includedir='${prefix}/include'
infodir='${prefix}/info'
libdir='${exec_prefix}/lib'
libexecdir='${exec_prefix}/libexec'
localstatedir='${prefix}/var'
mandir='${prefix}/man'
oldincludedir='/usr/include'
prefix='/miniconda3/envs/testimexam'
program_transform_name='s,x,x,'
sbindir='${exec_prefix}/sbin'
sharedstatedir='${prefix}/com'
sysconfdir='${prefix}/etc'
target_alias=''

## ----------- ##
## confdefs.h. ##
## ----------- ##

#define HAVE_ATEXIT 1
#define HAVE_DLFCN_H 1
#define HAVE_GETADDRINFO 1
#define HAVE_GETOPT_H 1
#define HAVE_INTTYPES_H 1
#define HAVE_MEMCPY 1
#define HAVE_MEMORY_H 1
#define HAVE_PWD_H 1
#define HAVE_SETENV 1
#define HAVE_SETJMP_H 1
#define HAVE_SNPRINTF 1
#define HAVE_SOCKLEN_T 1
#define HAVE_STDINT_H 1
#define HAVE_STDLIB_H 1
#define HAVE_STRCHR 1
#define HAVE_STRINGS_H 1
#define HAVE_STRING_H 1
#define HAVE_SYS_IPC_H 1
#define HAVE_SYS_MMAN_H 1
#define HAVE_SYS_SELECT_H 1
#define HAVE_SYS_SHM_H 1
#define HAVE_SYS_STAT_H 1
#define HAVE_SYS_TYPES_H 1
#define HAVE_SYS_UN_H 1
#define HAVE_UNISTD_H 1
#define PACKAGE_BUGREPORT "eric@cfa.harvard.edu"
#define PACKAGE_NAME "xpa"
#define PACKAGE_STRING "xpa 2.1.18"
#define PACKAGE_TARNAME "xpa"
#define PACKAGE_VERSION "2.1.18"
#define SIZEOF_LONG 8
#define STDC_HEADERS 1
#define STDC_HEADERS 1
#define X_DISPLAY_MISSING 1

configure: exit 0
